  Save_And_Load.cpp
  example.cpp
  grid.cpp
  main.cpp
  tile.cpp
C:\Users\farha\Desktop\My Stuff\SAE\SAE Projects\GAD173 Projects\Project 2 - Map Editor\Kage2D Engine\projects\base\Save_And_Load.cpp(20,28): warning C4267: 'initializing': conversion from 'size_t' to 'int', possible loss of data
C:\Users\farha\Desktop\My Stuff\SAE\SAE Projects\GAD173 Projects\Project 2 - Map Editor\Kage2D Engine\projects\base\Save_And_Load.cpp(49,51): warning C4267: '=': conversion from 'size_t' to 'int', possible loss of data
C:\Users\farha\Desktop\My Stuff\SAE\SAE Projects\GAD173 Projects\Project 2 - Map Editor\Kage2D Engine\projects\base\tile.cpp(63,37): warning C4267: 'initializing': conversion from 'size_t' to 'int', possible loss of data
C:\Users\farha\Desktop\My Stuff\SAE\SAE Projects\GAD173 Projects\Project 2 - Map Editor\Kage2D Engine\projects\base\tile.cpp(144,91): warning C4244: 'argument': conversion from 'size_t' to 'T', possible loss of data
          with
          [
              T=float
          ]
C:\Users\farha\Desktop\My Stuff\SAE\SAE Projects\GAD173 Projects\Project 2 - Map Editor\Kage2D Engine\projects\base\tile.cpp(144,57): warning C4244: 'argument': conversion from 'size_t' to 'T', possible loss of data
          with
          [
              T=float
          ]
C:\Users\farha\Desktop\My Stuff\SAE\SAE Projects\GAD173 Projects\Project 2 - Map Editor\Kage2D Engine\projects\base\grid.cpp(31,64): warning C4244: 'argument': conversion from 'size_t' to 'T', possible loss of data
          with
          [
              T=float
          ]
C:\Users\farha\Desktop\My Stuff\SAE\SAE Projects\GAD173 Projects\Project 2 - Map Editor\Kage2D Engine\projects\base\grid.cpp(39,50): warning C4244: 'argument': conversion from 'size_t' to 'T', possible loss of data
          with
          [
              T=float
          ]
C:\Users\farha\Desktop\My Stuff\SAE\SAE Projects\GAD173 Projects\Project 2 - Map Editor\Kage2D Engine\projects\base\example.cpp(58,28): warning C4100: 'deltaT': unreferenced formal parameter
  base.vcxproj -> C:\Users\farha\Desktop\My Stuff\SAE\SAE Projects\GAD173 Projects\Project 2 - Map Editor\Kage2D Engine\bin\base_d.exe
