c:\users\farha\desktop\my stuff\sae\sae projects\gad173 projects\project 2 - map editor\kage2d engine\temp\x64\debug\kage2dutil\kage2dutil.pdb
c:\users\farha\desktop\my stuff\sae\sae projects\gad173 projects\project 2 - map editor\kage2d engine\temp\x64\debug\kage2dutil\kage2dutil.idb
c:\users\farha\desktop\my stuff\sae\sae projects\gad173 projects\project 2 - map editor\kage2d engine\temp\x64\debug\kage2dutil\world.obj
c:\users\farha\desktop\my stuff\sae\sae projects\gad173 projects\project 2 - map editor\kage2d engine\temp\x64\debug\kage2dutil\texture_manager.obj
c:\users\farha\desktop\my stuff\sae\sae projects\gad173 projects\project 2 - map editor\kage2d engine\temp\x64\debug\kage2dutil\system.obj
c:\users\farha\desktop\my stuff\sae\sae projects\gad173 projects\project 2 - map editor\kage2d engine\temp\x64\debug\kage2dutil\sound_manager.obj
c:\users\farha\desktop\my stuff\sae\sae projects\gad173 projects\project 2 - map editor\kage2d engine\temp\x64\debug\kage2dutil\sfml_util.obj
c:\users\farha\desktop\my stuff\sae\sae projects\gad173 projects\project 2 - map editor\kage2d engine\temp\x64\debug\kage2dutil\physics.obj
c:\users\farha\desktop\my stuff\sae\sae projects\gad173 projects\project 2 - map editor\kage2d engine\temp\x64\debug\kage2dutil\imgui_widgets.obj
c:\users\farha\desktop\my stuff\sae\sae projects\gad173 projects\project 2 - map editor\kage2d engine\temp\x64\debug\kage2dutil\imgui_draw.obj
c:\users\farha\desktop\my stuff\sae\sae projects\gad173 projects\project 2 - map editor\kage2d engine\temp\x64\debug\kage2dutil\imgui.obj
c:\users\farha\desktop\my stuff\sae\sae projects\gad173 projects\project 2 - map editor\kage2d engine\temp\x64\debug\kage2dutil\imgui-sfml.obj
c:\users\farha\desktop\my stuff\sae\sae projects\gad173 projects\project 2 - map editor\kage2d engine\temp\x64\debug\kage2dutil\gameobject.obj
c:\users\farha\desktop\my stuff\sae\sae projects\gad173 projects\project 2 - map editor\kage2d engine\temp\x64\debug\kage2dutil\anim.obj
c:\users\farha\desktop\my stuff\sae\sae projects\gad173 projects\project 2 - map editor\kage2d engine\dev\sdk\lib\kage2dutil_d.lib
c:\users\farha\desktop\my stuff\sae\sae projects\gad173 projects\project 2 - map editor\kage2d engine\temp\x64\debug\kage2dutil\imgui-sfml.obj.enc
c:\users\farha\desktop\my stuff\sae\sae projects\gad173 projects\project 2 - map editor\kage2d engine\temp\x64\debug\kage2dutil\kage2dutil.tlog\cl.command.1.tlog
c:\users\farha\desktop\my stuff\sae\sae projects\gad173 projects\project 2 - map editor\kage2d engine\temp\x64\debug\kage2dutil\kage2dutil.tlog\cl.read.1.tlog
c:\users\farha\desktop\my stuff\sae\sae projects\gad173 projects\project 2 - map editor\kage2d engine\temp\x64\debug\kage2dutil\kage2dutil.tlog\cl.write.1.tlog
c:\users\farha\desktop\my stuff\sae\sae projects\gad173 projects\project 2 - map editor\kage2d engine\temp\x64\debug\kage2dutil\kage2dutil.tlog\lib-link.read.1.tlog
c:\users\farha\desktop\my stuff\sae\sae projects\gad173 projects\project 2 - map editor\kage2d engine\temp\x64\debug\kage2dutil\kage2dutil.tlog\lib-link.write.1.tlog
c:\users\farha\desktop\my stuff\sae\sae projects\gad173 projects\project 2 - map editor\kage2d engine\temp\x64\debug\kage2dutil\kage2dutil.tlog\lib.command.1.tlog
